<?xml version="1.0" encoding="UTF-8"?>
<!-- Generated by org.testng.reporters.JUnitReportReporter -->
<testsuite hostname="Ranjith" failures="0" tests="2" name="org.romvecart.RemoveCart" time="15.003" errors="0" timestamp="2024-08-28T13:23:51 IST" skipped="0">
  <testcase classname="org.romvecart.RemoveCart" name="serachTheproduct" time="5.342"/>
  <testcase classname="org.romvecart.RemoveCart" name="SelectAddcartr" time="9.661"/>
</testsuite> <!-- org.romvecart.RemoveCart -->
